\BOOKMARK [0][-]{chapter.1}{\376\377\136\056\117\140\116\012\142\113\123\357\122\040}{}% 1
\BOOKMARK [1][-]{section.1.1}{\376\377\217\331\146\057\172\340\202\202\121\205\116\000\176\247\150\007\230\230}{chapter.1}% 2
\BOOKMARK [2][-]{subsection.1.1.1}{\376\377\217\331\146\057\172\340\202\202\121\205\116\214\176\247\150\007\230\230}{section.1.1}% 3
\BOOKMARK [3][-]{subsubsection.1.1.1.1}{\376\377\217\331\146\057\172\340\202\202\121\205\116\011\176\247\150\007\230\230}{subsection.1.1.1}% 4
\BOOKMARK [1][-]{section.1.2}{\376\377\122\027\210\150}{chapter.1}% 5
\BOOKMARK [2][-]{subsection.1.2.1}{\376\377\147\011\136\217\122\027\210\150}{section.1.2}% 6
\BOOKMARK [2][-]{subsection.1.2.2}{\376\377\145\340\136\217\122\027\210\150}{section.1.2}% 7
\BOOKMARK [1][-]{section.1.3}{\376\377\121\154\137\017}{chapter.1}% 8
\BOOKMARK [2][-]{subsection.1.3.1}{\376\377\210\114\121\205\121\154\137\017}{section.1.3}% 9
\BOOKMARK [2][-]{subsection.1.3.2}{\376\377\210\114\225\364\121\154\137\017}{section.1.3}% 10
\BOOKMARK [2][-]{subsection.1.3.3}{\376\377\136\070\165\050\173\046\123\367}{section.1.3}% 11
\BOOKMARK [1][-]{section.1.4}{\376\377\145\207\163\056\175\042\137\025}{chapter.1}% 12
\BOOKMARK [1][-]{section.1.5}{\376\377\143\322\121\145\126\376\162\107}{chapter.1}% 13
\BOOKMARK [1][-]{section.1.6}{\376\377\210\150\150\074}{chapter.1}% 14
\BOOKMARK [0][-]{chapter.2}{\376\377\213\276\213\241\116\373\122\241\116\146}{}% 15
\BOOKMARK [0][-]{chapter.3}{\376\377\117\040\122\250\145\271\150\110\166\204\142\337\133\232}{}% 16
\BOOKMARK [0][-]{chapter.4}{\376\377\165\065\122\250\147\072\166\204\220\011\142\351\123\312\117\040\122\250\210\305\177\156\166\204\217\320\122\250\124\214\122\250\122\233\123\302\145\160\213\241\173\227}{}% 17
\BOOKMARK [0][-]{chapter.5}{\376\377\117\040\122\250\226\366\116\366\166\204\213\276\213\241\213\241\173\227}{}% 18
\BOOKMARK [0][-]{chapter.6}{\376\377\217\164\166\204\213\241\173\227}{}% 19
\BOOKMARK [0][-]{chapter.7}{\376\377\225\056\217\336\143\245\166\204\220\011\142\351\124\214\213\241\173\227}{}% 20
\BOOKMARK [0][-]{chapter.8}{\376\377\156\332\122\250\217\164\142\177\166\204\220\011\142\351\124\214\213\241\173\227}{}% 21
\BOOKMARK [0][-]{chapter.9}{\376\377\200\124\217\164\126\150\166\204\220\011\142\351}{}% 22
\BOOKMARK [0][-]{chapter.10}{\376\377\155\246\156\321\116\016\133\306\134\001\166\204\220\011\142\351\060\001\155\246\156\321\122\102\162\114\123\367\124\214\210\305\154\271\221\317}{}% 23
\BOOKMARK [0][-]{chapter.11}{\376\377\121\166\116\326\142\200\147\057\213\364\146\016}{}% 24
\BOOKMARK [0][-]{chapter*.5}{\376\377\123\302\200\003\145\207\163\056}{}% 25
\BOOKMARK [1][-]{section.Alph0.1}{\376\377\176\330\126\376\172\013\136\217\116\343\170\001}{chapter*.5}% 26
\BOOKMARK [2][-]{subsection.Alph0.1.1}{\376\377\000m\000a\000t\000l\000a\000b\176\330\122\066\172\013\136\217}{section.Alph0.1}% 27
