\BOOKMARK [0][-]{chapter.1}{\376\377\136\056\117\140\116\012\142\113\123\357\122\040}{}% 1
\BOOKMARK [1][-]{section.1.1}{\376\377\217\331\146\057\172\340\202\202\121\205\116\000\176\247\150\007\230\230}{chapter.1}% 2
\BOOKMARK [2][-]{subsection.1.1.1}{\376\377\217\331\146\057\172\340\202\202\121\205\116\214\176\247\150\007\230\230}{section.1.1}% 3
\BOOKMARK [3][-]{subsubsection.1.1.1.1}{\376\377\217\331\146\057\172\340\202\202\121\205\116\011\176\247\150\007\230\230}{subsection.1.1.1}% 4
\BOOKMARK [1][-]{section.1.2}{\376\377\122\027\210\150}{chapter.1}% 5
\BOOKMARK [2][-]{subsection.1.2.1}{\376\377\147\011\136\217\122\027\210\150}{section.1.2}% 6
\BOOKMARK [2][-]{subsection.1.2.2}{\376\377\145\340\136\217\122\027\210\150}{section.1.2}% 7
\BOOKMARK [1][-]{section.1.3}{\376\377\121\154\137\017}{chapter.1}% 8
\BOOKMARK [2][-]{subsection.1.3.1}{\376\377\210\114\121\205\121\154\137\017}{section.1.3}% 9
\BOOKMARK [2][-]{subsection.1.3.2}{\376\377\210\114\225\364\121\154\137\017}{section.1.3}% 10
\BOOKMARK [2][-]{subsection.1.3.3}{\376\377\136\070\165\050\173\046\123\367}{section.1.3}% 11
\BOOKMARK [1][-]{section.1.4}{\376\377\145\207\163\056\175\042\137\025}{chapter.1}% 12
\BOOKMARK [1][-]{section.1.5}{\376\377\143\322\121\145\126\376\162\107}{chapter.1}% 13
\BOOKMARK [1][-]{section.1.6}{\376\377\210\150\150\074}{chapter.1}% 14
\BOOKMARK [0][-]{chapter.2}{\376\377\230\336\147\072\213\276\213\241\211\201\154\102}{}% 15
\BOOKMARK [0][-]{chapter.3}{\376\377\230\336\147\072\140\073\117\123\136\003\134\100}{}% 16
\BOOKMARK [0][-]{chapter.4}{\376\377\123\321\122\250\147\072\220\011\142\351}{}% 17
\BOOKMARK [0][-]{chapter.5}{\376\377\116\073\211\201\123\302\145\160\170\156\133\232}{}% 18
\BOOKMARK [0][-]{chapter.6}{\376\377\147\072\216\253\213\276\213\241}{}% 19
\BOOKMARK [0][-]{chapter.7}{\376\377\147\072\177\374\213\276\213\241}{}% 20
\BOOKMARK [0][-]{chapter.8}{\376\377\134\076\177\374\213\276\213\241}{}% 21
\BOOKMARK [0][-]{chapter.9}{\376\377\123\321\122\250\147\072\167\355\202\061\213\276\213\241}{}% 22
\BOOKMARK [0][-]{chapter.10}{\376\377\215\167\204\075\147\266\136\003\177\156}{}% 23
\BOOKMARK [0][-]{chapter.11}{\376\377\230\336\147\072\116\011\211\306\126\376}{}% 24
\BOOKMARK [0][-]{chapter.12}{\376\377\221\315\221\317\162\171\140\047}{}% 25
\BOOKMARK [0][-]{chapter.13}{\376\377\154\024\122\250\162\171\140\047}{}% 26
\BOOKMARK [0][-]{chapter.14}{\376\377\140\047\200\375\162\171\140\047}{}% 27
\BOOKMARK [0][-]{chapter.15}{\376\377\116\052\116\272\140\073\176\323}{}% 28
\BOOKMARK [0][-]{chapter*.6}{\376\377\123\302\200\003\145\207\163\056}{}% 29
\BOOKMARK [0][-]{chapter*.7}{\376\377\226\104\137\125}{}% 30
\BOOKMARK [1][-]{section.Alph0.1}{\376\377\176\330\126\376\172\013\136\217\116\343\170\001}{chapter*.7}% 31
\BOOKMARK [2][-]{subsection.Alph0.1.1}{\376\377\000m\000a\000t\000l\000a\000b\176\330\122\066\172\013\136\217}{section.Alph0.1}% 32
